2025/02/24 16:56:23 [TRACEWRAP] Entering main ID: 1
2025/02/24 16:56:23 [TRACEWRAP] Entering add ID: 2
2025/02/24 16:56:23 [TRACEWRAP] Parameter a = 10
2025/02/24 16:56:23 [TRACEWRAP] Parameter b = 5
2025/02/24 16:56:23 [TRACEWRAP] Function add returning [15]
2025/02/24 16:56:23 [TRACEWRAP] Function add Resource Usage - CPU Time: 31.25ms, HeapAlloc Diff: 90664
2025/02/24 16:56:23 [TRACEWRAP] Function add Goroutines Spawned: 0
2025/02/24 16:56:23 [TRACEWRAP] Function add Additional OS Threads Used: 46
2025/02/24 16:56:23 [TRACEWRAP] Function add GC Runs: 0
2025/02/24 16:56:23 [TRACEWRAP] Function add Heap Allocated Delta: 91480, Heap Freed Delta: 0
2025/02/24 16:56:23 [TRACEWRAP] Function add Network Usage Delta: 959, Disk I/O Delta: 604
2025/02/24 16:56:23 [TRACEWRAP] Function add Calls: 1
2025/02/24 16:56:23 [TRACEWRAP] Exiting add, ID: 2, Duration: 106.2709ms, MemDiff: 92376 bytes
2025/02/24 16:56:23 [TRACEWRAP] DEBUG: Total trace records now: 1
2025/02/24 16:56:23 [TRACEWRAP] DEBUG: System CPU Load: 0.000000, System Mem Usage: 8474021888 bytes
2025/02/24 16:56:23 [TRACEWRAP] Entering subtract ID: 3
2025/02/24 16:56:23 [TRACEWRAP] Parameter a = 10
2025/02/24 16:56:23 [TRACEWRAP] Parameter b = 5
2025/02/24 16:56:23 [TRACEWRAP] Function subtract returning [5]
2025/02/24 16:56:23 [TRACEWRAP] Function subtract Resource Usage - CPU Time: 156.25ms, HeapAlloc Diff: 91336
2025/02/24 16:56:23 [TRACEWRAP] Function subtract Goroutines Spawned: 0
2025/02/24 16:56:23 [TRACEWRAP] Function subtract Additional OS Threads Used: 50
2025/02/24 16:56:23 [TRACEWRAP] Function subtract GC Runs: 0
2025/02/24 16:56:23 [TRACEWRAP] Function subtract Heap Allocated Delta: 92184, Heap Freed Delta: 0
2025/02/24 16:56:23 [TRACEWRAP] Function subtract Network Usage Delta: 0, Disk I/O Delta: 639
2025/02/24 16:56:23 [TRACEWRAP] Function subtract Calls: 1
2025/02/24 16:56:23 [TRACEWRAP] Exiting subtract, ID: 3, Duration: 130.815ms, MemDiff: 92648 bytes
2025/02/24 16:56:23 [TRACEWRAP] DEBUG: Total trace records now: 2
2025/02/24 16:56:23 [TRACEWRAP] DEBUG: System CPU Load: 0.000000, System Mem Usage: 8486678528 bytes
2025/02/24 16:56:23 [TRACEWRAP] Entering multiply ID: 4
2025/02/24 16:56:23 [TRACEWRAP] Parameter a = 10
2025/02/24 16:56:23 [TRACEWRAP] Parameter b = 5
2025/02/24 16:56:23 [TRACEWRAP] Function multiply returning [50]
2025/02/24 16:56:23 [TRACEWRAP] Function multiply Resource Usage - CPU Time: 93.75ms, HeapAlloc Diff: 90664
2025/02/24 16:56:23 [TRACEWRAP] Function multiply Goroutines Spawned: 0
2025/02/24 16:56:23 [TRACEWRAP] Function multiply Additional OS Threads Used: 46
2025/02/24 16:56:23 [TRACEWRAP] Function multiply GC Runs: 0
2025/02/24 16:56:23 [TRACEWRAP] Function multiply Heap Allocated Delta: 91288, Heap Freed Delta: 0
2025/02/24 16:56:23 [TRACEWRAP] Function multiply Network Usage Delta: 0, Disk I/O Delta: 639
2025/02/24 16:56:23 [TRACEWRAP] Function multiply Calls: 1
2025/02/24 16:56:23 [TRACEWRAP] Exiting multiply, ID: 4, Duration: 124.06ms, MemDiff: 92024 bytes
2025/02/24 16:56:23 [TRACEWRAP] DEBUG: Total trace records now: 3
2025/02/24 16:56:23 [TRACEWRAP] DEBUG: System CPU Load: 0.000000, System Mem Usage: 8486744064 bytes
2025/02/24 16:56:23 [TRACEWRAP] Entering divide ID: 5
2025/02/24 16:56:23 [TRACEWRAP] Parameter a = 10
2025/02/24 16:56:23 [TRACEWRAP] Parameter b = 5
2025/02/24 16:56:23 [TRACEWRAP] Function divide Resource Usage - CPU Time: 187.5ms, HeapAlloc Diff: 90448
2025/02/24 16:56:23 [TRACEWRAP] Function divide Goroutines Spawned: 0
2025/02/24 16:56:23 [TRACEWRAP] Function divide Additional OS Threads Used: 44
2025/02/24 16:56:23 [TRACEWRAP] Function divide GC Runs: 0
2025/02/24 16:56:23 [TRACEWRAP] Function divide Heap Allocated Delta: 91056, Heap Freed Delta: 0
2025/02/24 16:56:24 [TRACEWRAP] Function divide Network Usage Delta: 0, Disk I/O Delta: 562
2025/02/24 16:56:24 [TRACEWRAP] Function divide Calls: 1
2025/02/24 16:56:24 [TRACEWRAP] Exiting divide, ID: 5, Duration: 126.4506ms, MemDiff: 91792 bytes
2025/02/24 16:56:24 [TRACEWRAP] DEBUG: Total trace records now: 4
2025/02/24 16:56:24 [TRACEWRAP] DEBUG: System CPU Load: 0.000000, System Mem Usage: 8481234944 bytes
2025/02/24 16:56:24 [TRACEWRAP] DEBUG: Generating DOT with 4 trace records
2025/02/24 16:56:24 [TRACEWRAP] Call graph written to: tracewrap/callgraph.dot
2025/02/24 16:56:24 [TRACEWRAP] Function main Resource Usage - CPU Time: 1.109375s, HeapAlloc Diff: 837960
2025/02/24 16:56:24 [TRACEWRAP] Function main Goroutines Spawned: 1
2025/02/24 16:56:24 [TRACEWRAP] Function main Additional OS Threads Used: 455
2025/02/24 16:56:24 [TRACEWRAP] Function main GC Runs: 0
2025/02/24 16:56:24 [TRACEWRAP] Function main Heap Allocated Delta: 838584, Heap Freed Delta: 0
2025/02/24 16:56:24 [TRACEWRAP] Function main Network Usage Delta: 2463, Disk I/O Delta: 5487
2025/02/24 16:56:24 [TRACEWRAP] Function main Calls: 1
2025/02/24 16:56:24 [TRACEWRAP] Exiting main, ID: 1, Duration: 1.0761154s, MemDiff: 838088 bytes
2025/02/24 16:56:24 [TRACEWRAP] DEBUG: Total trace records now: 5
2025/02/24 16:56:24 [TRACEWRAP] DEBUG: System CPU Load: 0.000000, System Mem Usage: 8481976320 bytes
