2025/02/24 11:03:36 [TRACEWRAP] Entering main ID: 1
2025/02/24 11:03:36 [TRACEWRAP] Entering demoPanicRecovery ID: 2
2025/02/24 11:03:36 [TRACEWRAP] Entering triggerPanic ID: 3
2025/02/24 11:03:36 [TRACEWRAP] Function triggerPanic Resource Usage - CPU Time: 0s, HeapAlloc Diff: 38752
2025/02/24 11:03:36 [TRACEWRAP] Function triggerPanic Goroutines Spawned: 0
2025/02/24 11:03:36 [TRACEWRAP] Function triggerPanic Additional OS Threads Used: 0
2025/02/24 11:03:36 [TRACEWRAP] Function triggerPanic GC Runs: 0
2025/02/24 11:03:36 [TRACEWRAP] Function triggerPanic Heap Allocated Delta: 38912, Heap Freed Delta: 0
2025/02/24 11:03:36 [TRACEWRAP] Function triggerPanic Network Usage Delta: 432, Disk I/O Delta: 0
2025/02/24 11:03:36 [TRACEWRAP] Function triggerPanic Calls: 1
2025/02/24 11:03:36 [TRACEWRAP] Exiting triggerPanic, ID: 3, Duration: 983.598µs, MemDiff: 39200 bytes
2025/02/24 11:03:36 [TRACEWRAP] DEBUG: Total trace records now: 1
2025/02/24 11:03:36 [TRACEWRAP] DEBUG: System CPU Load: 3.670000, System Mem Usage: 953520128 bytes
2025/02/24 11:03:36 [TRACEWRAP] Panic in triggerPanic: Intentional panic for demonstration purposes
StackTrace:
goroutine 1 [running]:
runtime/debug.Stack()
	/usr/local/go/src/runtime/debug/stack.go:26 +0x5e
main.triggerPanic.func1()
	/tmp/tracewrap_workspace_3081341760/main.go:154 +0x32
panic({0x4d2280?, 0x51f240?})
	/usr/local/go/src/runtime/panic.go:785 +0x132
main.triggerPanic()
	/tmp/tracewrap_workspace_3081341760/main.go:196 +0x245
main.demoPanicRecovery()
	/tmp/tracewrap_workspace_3081341760/main.go:145 +0x249
main.main()
	/tmp/tracewrap_workspace_3081341760/main.go:85 +0x235
2025/02/24 11:03:36 [TRACEWRAP] Function demoPanicRecovery Resource Usage - CPU Time: 50ms, HeapAlloc Diff: 130760
2025/02/24 11:03:36 [TRACEWRAP] Function demoPanicRecovery Goroutines Spawned: 0
2025/02/24 11:03:36 [TRACEWRAP] Function demoPanicRecovery Additional OS Threads Used: 0
2025/02/24 11:03:36 [TRACEWRAP] Function demoPanicRecovery GC Runs: 0
2025/02/24 11:03:36 [TRACEWRAP] Function demoPanicRecovery Heap Allocated Delta: 130840, Heap Freed Delta: 0
2025/02/24 11:03:36 [TRACEWRAP] Function demoPanicRecovery Network Usage Delta: 2902, Disk I/O Delta: 0
2025/02/24 11:03:36 [TRACEWRAP] Function demoPanicRecovery Calls: 1
2025/02/24 11:03:36 [TRACEWRAP] Exiting demoPanicRecovery, ID: 2, Duration: 20.701378ms, MemDiff: 130920 bytes
2025/02/24 11:03:36 [TRACEWRAP] DEBUG: Total trace records now: 2
2025/02/24 11:03:36 [TRACEWRAP] DEBUG: System CPU Load: 3.670000, System Mem Usage: 953520128 bytes
2025/02/24 11:03:36 [TRACEWRAP] DEBUG: Generating DOT with 2 trace records
2025/02/24 11:03:36 [TRACEWRAP] Call graph written to: tracewrap/callgraph.dot
2025/02/24 11:03:37 [TRACEWRAP] Function main Resource Usage - CPU Time: 70ms, HeapAlloc Diff: 229592
2025/02/24 11:03:37 [TRACEWRAP] Function main Goroutines Spawned: 0
2025/02/24 11:03:37 [TRACEWRAP] Function main Additional OS Threads Used: 0
2025/02/24 11:03:37 [TRACEWRAP] Function main GC Runs: 0
2025/02/24 11:03:37 [TRACEWRAP] Function main Heap Allocated Delta: 229672, Heap Freed Delta: 0
2025/02/24 11:03:37 [TRACEWRAP] Function main Network Usage Delta: 5218, Disk I/O Delta: 8192
2025/02/24 11:03:37 [TRACEWRAP] Function main Calls: 1
2025/02/24 11:03:37 [TRACEWRAP] Exiting main, ID: 1, Duration: 187.190023ms, MemDiff: 230376 bytes
2025/02/24 11:03:37 [TRACEWRAP] DEBUG: Total trace records now: 3
2025/02/24 11:03:37 [TRACEWRAP] DEBUG: System CPU Load: 3.670000, System Mem Usage: 953520128 bytes
